<?xml version="1.0" encoding="UTF-8"?>
<!-- Generated by org.testng.reporters.JUnitReportReporter -->
<testsuite hostname="LAPTOP-6R21AUOG" name="com.SampleMaven.FaceBookAuto.TestScripts.FBReg" tests="1" failures="0" timestamp="21 Oct 2020 00:06:47 GMT" time="9.439" errors="0">
  <testcase name="myFBRegistrationTwo" time="9.439" classname="com.SampleMaven.FaceBookAuto.TestScripts.FBReg"/>
</testsuite> <!-- com.SampleMaven.FaceBookAuto.TestScripts.FBReg -->
