<?xml version="1.0" encoding="UTF-8"?>
<!-- Generated by org.testng.reporters.JUnitReportReporter -->
<testsuite hostname="LAPTOP-6R21AUOG" name="com.SampleMaven.FaceBookAuto.TestScripts.FBLogin" tests="2" failures="0" timestamp="21 Oct 2020 00:06:47 GMT" time="9.152" errors="0">
  <testcase name="FbLoginOne" time="5.987" classname="com.SampleMaven.FaceBookAuto.TestScripts.FBLogin"/>
  <testcase name="FbLoginTwo" time="3.165" classname="com.SampleMaven.FaceBookAuto.TestScripts.FBLogin"/>
</testsuite> <!-- com.SampleMaven.FaceBookAuto.TestScripts.FBLogin -->
