<?xml version="1.0" encoding="UTF-8"?>
<!-- Generated by org.testng.reporters.JUnitReportReporter -->
<testsuite hostname="LAPTOP-6R21AUOG" name="com.SampleMaven.FaceBookAuto.TestScripts.FBInstagram" tests="1" failures="0" timestamp="15 Oct 2020 04:33:44 GMT" time="8.985" errors="0">
  <testcase name="fbInstagram" time="8.985" classname="com.SampleMaven.FaceBookAuto.TestScripts.FBInstagram"/>
</testsuite> <!-- com.SampleMaven.FaceBookAuto.TestScripts.FBInstagram -->
