<?xml version="1.0" encoding="UTF-8"?>
<!-- Generated by org.testng.reporters.JUnitReportReporter -->
<testsuite hostname="LAPTOP-6R21AUOG" name="com.SampleMaven.FaceBookAuto.TestScripts.DataReadFromExcel" tests="3" failures="0" timestamp="14 Oct 2020 08:43:52 GMT" time="3.825" errors="0">
  <testcase name="SheetInformation" time="0.143" classname="com.SampleMaven.FaceBookAuto.TestScripts.DataReadFromExcel"/>
  <testcase name="SheetCountAndNames" time="0.196" classname="com.SampleMaven.FaceBookAuto.TestScripts.DataReadFromExcel"/>
  <testcase name="FBRegistration" time="3.486" classname="com.SampleMaven.FaceBookAuto.TestScripts.DataReadFromExcel"/>
</testsuite> <!-- com.SampleMaven.FaceBookAuto.TestScripts.DataReadFromExcel -->
