<?xml version="1.0" encoding="UTF-8"?>
<!-- Generated by org.testng.reporters.JUnitReportReporter -->
<testsuite hostname="LAPTOP-6R21AUOG" name="com.SampleMaven.FaceBookAuto.Helper.Logger.YahooTest" tests="1" failures="0" timestamp="15 Oct 2020 03:42:58 GMT" time="6.287" errors="0">
  <testcase name="yahooSignIn" time="6.287" classname="com.SampleMaven.FaceBookAuto.Helper.Logger.YahooTest"/>
</testsuite> <!-- com.SampleMaven.FaceBookAuto.Helper.Logger.YahooTest -->
